  [1m[36mSQL (0.3ms)[0m  [1mselect sqlite_version(*)[0m
  [1m[35mSQL (0.2ms)[0m   SELECT name
 FROM sqlite_master
 WHERE type = 'table' AND NOT name = 'sqlite_sequence'
  [1m[36mSQL (1.2ms)[0m  [1mCREATE TABLE "articles" ("id" INTEGER PRIMARY KEY AUTOINCREMENT NOT NULL, "title" varchar(255), "body" text, "published_at" datetime, "created_at" datetime, "updated_at" datetime, "excerpt" varchar(255), "location" varchar(255), "user_id" integer) [0m
  [1m[35mSQL (0.1ms)[0m   SELECT name
 FROM sqlite_master
 WHERE type = 'table' AND NOT name = 'sqlite_sequence'
  [1m[36mSQL (0.8ms)[0m  [1mCREATE TABLE "articles_categories" ("article_id" integer, "category_id" integer) [0m
  [1m[35mSQL (0.1ms)[0m   SELECT name
 FROM sqlite_master
 WHERE type = 'table' AND NOT name = 'sqlite_sequence'
  [1m[36mSQL (1.0ms)[0m  [1mCREATE TABLE "categories" ("id" INTEGER PRIMARY KEY AUTOINCREMENT NOT NULL, "name" varchar(255), "created_at" datetime, "updated_at" datetime) [0m
  [1m[35mSQL (0.2ms)[0m   SELECT name
 FROM sqlite_master
 WHERE type = 'table' AND NOT name = 'sqlite_sequence'
  [1m[36mSQL (1.0ms)[0m  [1mCREATE TABLE "comments" ("id" INTEGER PRIMARY KEY AUTOINCREMENT NOT NULL, "article_id" integer, "name" varchar(255), "email" varchar(255), "body" text, "created_at" datetime, "updated_at" datetime) [0m
  [1m[35mSQL (0.2ms)[0m   SELECT name
 FROM sqlite_master
 WHERE type = 'table' AND NOT name = 'sqlite_sequence'
  [1m[36mSQL (1.0ms)[0m  [1mCREATE TABLE "profiles" ("id" INTEGER PRIMARY KEY AUTOINCREMENT NOT NULL, "user_id" integer, "name" varchar(255), "birthday" date, "bio" text, "color" varchar(255), "twitter" varchar(255), "created_at" datetime, "updated_at" datetime) [0m
  [1m[35mSQL (0.2ms)[0m   SELECT name
 FROM sqlite_master
 WHERE type = 'table' AND NOT name = 'sqlite_sequence'
  [1m[36mSQL (1.5ms)[0m  [1mCREATE TABLE "sessions" ("id" INTEGER PRIMARY KEY AUTOINCREMENT NOT NULL, "session_id" varchar(255) NOT NULL, "data" text, "created_at" datetime, "updated_at" datetime) [0m
  [1m[35mSQL (1.5ms)[0m  CREATE INDEX "index_sessions_on_session_id" ON "sessions" ("session_id")
  [1m[36mSQL (1.3ms)[0m  [1mCREATE INDEX "index_sessions_on_updated_at" ON "sessions" ("updated_at")[0m
  [1m[35mSQL (0.3ms)[0m   SELECT name
 FROM sqlite_master
 WHERE type = 'table' AND NOT name = 'sqlite_sequence'
  [1m[36mSQL (1.1ms)[0m  [1mCREATE TABLE "users" ("id" INTEGER PRIMARY KEY AUTOINCREMENT NOT NULL, "email" varchar(255), "hashed_password" varchar(255), "created_at" datetime, "updated_at" datetime) [0m
  [1m[35mSQL (0.3ms)[0m   SELECT name
 FROM sqlite_master
 WHERE type = 'table' AND NOT name = 'sqlite_sequence'
  [1m[36mSQL (1.1ms)[0m  [1mCREATE TABLE "schema_migrations" ("version" varchar(255) NOT NULL) [0m
  [1m[35mSQL (1.5ms)[0m  CREATE UNIQUE INDEX "unique_schema_migrations" ON "schema_migrations" ("version")
  [1m[36mSQL (0.3ms)[0m  [1m SELECT name
 FROM sqlite_master
 WHERE type = 'table' AND NOT name = 'sqlite_sequence'
[0m
  [1m[35mSQL (0.1ms)[0m  SELECT version FROM "schema_migrations"
  [1m[36mSQL (1.2ms)[0m  [1mINSERT INTO "schema_migrations" (version) VALUES ('20100503182756')[0m
  [1m[35mSQL (1.1ms)[0m  INSERT INTO "schema_migrations" (version) VALUES ('20100501211503')
  [1m[36mSQL (1.1ms)[0m  [1mINSERT INTO "schema_migrations" (version) VALUES ('20100501215404')[0m
  [1m[35mSQL (1.1ms)[0m  INSERT INTO "schema_migrations" (version) VALUES ('20100502145742')
  [1m[36mSQL (1.1ms)[0m  [1mINSERT INTO "schema_migrations" (version) VALUES ('20100502150124')[0m
  [1m[35mSQL (1.2ms)[0m  INSERT INTO "schema_migrations" (version) VALUES ('20100502152653')
  [1m[36mSQL (1.3ms)[0m  [1mINSERT INTO "schema_migrations" (version) VALUES ('20100502155405')[0m
  [1m[35mSQL (1.2ms)[0m  INSERT INTO "schema_migrations" (version) VALUES ('20100502155432')
  [1m[36mSQL (1.3ms)[0m  [1mINSERT INTO "schema_migrations" (version) VALUES ('20100502161010')[0m
  [1m[35mSQL (1.1ms)[0m  INSERT INTO "schema_migrations" (version) VALUES ('20100502190439')
  [1m[36mSQL (0.4ms)[0m  [1m SELECT name
 FROM sqlite_master
 WHERE type = 'table' AND NOT name = 'sqlite_sequence'
[0m
  [1m[35mUser Load (0.1ms)[0m  SELECT "users"."id" FROM "users" WHERE ("users"."email" = 'mary@example.com') LIMIT 1
  [1m[36mSQL (0.4ms)[0m  [1mINSERT INTO "users" ("created_at", "email", "hashed_password", "updated_at") VALUES ('2010-05-03 23:22:35.379058', 'mary@example.com', '3ab83d7d20012d2d962754b7cc33394c1a8799ca', '2010-05-03 23:22:35.379058')[0m
  [1m[35mSQL (0.4ms)[0m  INSERT INTO "categories" ("created_at", "name", "updated_at") VALUES ('2010-05-03 23:22:35.419365', 'Programming', '2010-05-03 23:22:35.419365')
  [1m[36mSQL (0.3ms)[0m  [1mINSERT INTO "categories" ("created_at", "name", "updated_at") VALUES ('2010-05-03 23:22:35.422912', 'Event', '2010-05-03 23:22:35.422912')[0m
  [1m[35mSQL (0.2ms)[0m  INSERT INTO "categories" ("created_at", "name", "updated_at") VALUES ('2010-05-03 23:22:35.424934', 'Travel', '2010-05-03 23:22:35.424934')
  [1m[36mSQL (0.2ms)[0m  [1mINSERT INTO "categories" ("created_at", "name", "updated_at") VALUES ('2010-05-03 23:22:35.426814', 'Music', '2010-05-03 23:22:35.426814')[0m
  [1m[35mSQL (0.2ms)[0m  INSERT INTO "categories" ("created_at", "name", "updated_at") VALUES ('2010-05-03 23:22:35.428700', 'TV', '2010-05-03 23:22:35.428700')
  [1m[36mSQL (0.5ms)[0m  [1mINSERT INTO "articles" ("body", "created_at", "excerpt", "location", "published_at", "title", "updated_at", "user_id") VALUES ('Models need to relate to each other. In the real world, ..', '2010-05-03 23:22:35.498997', NULL, NULL, '2010-05-03 04:00:00.000000', 'Advanced Active Record', '2010-05-03 23:22:35.498997', 1)[0m
  [1m[35mSQL (0.3ms)[0m  INSERT INTO "articles" ("body", "created_at", "excerpt", "location", "published_at", "title", "updated_at", "user_id") VALUES ('One-to-many associations describe a pattern ..', '2010-05-03 23:22:35.504270', NULL, NULL, '2010-05-03 04:00:00.000000', 'One-to-many associations', '2010-05-03 23:22:35.504270', 1)
  [1m[36mSQL (0.3ms)[0m  [1mINSERT INTO "articles" ("body", "created_at", "excerpt", "location", "published_at", "title", "updated_at", "user_id") VALUES ('Active Record makes working with associations easy..', '2010-05-03 23:22:35.507282', NULL, NULL, '2010-05-03 04:00:00.000000', 'Associations', '2010-05-03 23:22:35.507282', 1)[0m


Started GET "/" for 127.0.0.1 at 2010-05-03 19:22:58
  Processing by ArticlesController#index as HTML
  [1m[36mArticle Load (0.4ms)[0m  [1mSELECT "articles".* FROM "articles"[0m
Rendered articles/_article.html.erb (38.4ms)
Rendered articles/index.html.erb within layouts/application (50.2ms)
Completed 200 OK in 79ms (Views: 53.8ms | ActiveRecord: 1.0ms)


Started GET "/articles/1" for 127.0.0.1 at 2010-05-03 19:23:02
  Processing by ArticlesController#show as HTML
  Parameters: {"id"=>"1"}
  [1m[35mArticle Load (0.3ms)[0m  SELECT "articles".* FROM "articles" WHERE ("articles"."id" = 1) LIMIT 1
Rendered articles/_article.html.erb (24.9ms)
  [1m[36mComment Load (0.3ms)[0m  [1mSELECT "comments".* FROM "comments" WHERE ("comments".article_id = 1)[0m
Rendered collection (0.0ms)
Rendered comments/new.html.erb (11.5ms)
Rendered articles/show.html.erb within layouts/application (112.7ms)
Completed 200 OK in 136ms (Views: 115.8ms | ActiveRecord: 1.1ms)


Started GET "/articles" for 127.0.0.1 at 2011-04-28 01:06:36
  Processing by ArticlesController#index as HTML
  [1m[36mArticle Load (0.4ms)[0m  [1mSELECT "articles".* FROM "articles"[0m
Rendered articles/_article.html.erb (83.2ms)
Rendered articles/index.html.erb within layouts/application (94.7ms)
Completed 200 OK in 114ms (Views: 99.5ms | ActiveRecord: 1.5ms)


Started GET "/articles/3" for 127.0.0.1 at 2011-04-28 01:08:27
  Processing by ArticlesController#show as HTML
  Parameters: {"id"=>"3"}
  [1m[35mArticle Load (0.3ms)[0m  SELECT "articles".* FROM "articles" WHERE ("articles"."id" = 3) LIMIT 1
Rendered articles/_article.html.erb (17.7ms)
  [1m[36mComment Load (0.4ms)[0m  [1mSELECT "comments".* FROM "comments" WHERE ("comments".article_id = 3)[0m
Rendered collection (0.0ms)
Rendered comments/new.html.erb (14.2ms)
Rendered articles/show.html.erb within layouts/application (118.6ms)
Completed 200 OK in 487ms (Views: 474.0ms | ActiveRecord: 1.1ms)


Started GET "/articles" for 127.0.0.1 at 2011-04-28 02:49:55
  Processing by ArticlesController#index as HTML
  [1m[36mArticle Load (0.4ms)[0m  [1mSELECT "articles".* FROM "articles"[0m
Rendered articles/_article.html.erb (29.9ms)
Rendered articles/index.html.erb within layouts/application (41.6ms)
Completed 200 OK in 60ms (Views: 45.5ms | ActiveRecord: 0.9ms)


Started GET "/articles/2" for 127.0.0.1 at 2011-04-28 02:49:57
  Processing by ArticlesController#show as HTML
  Parameters: {"id"=>"2"}
  [1m[36mArticle Load (0.3ms)[0m  [1mSELECT "articles".* FROM "articles" WHERE ("articles"."id" = 2) LIMIT 1[0m
Rendered articles/_article.html.erb (20.4ms)
  [1m[35mComment Load (0.4ms)[0m  SELECT "comments".* FROM "comments" WHERE ("comments".article_id = 2)
Rendered collection (0.0ms)
Rendered comments/new.html.erb (80.7ms)
Rendered articles/show.html.erb within layouts/application (123.5ms)
Completed 200 OK in 140ms (Views: 126.8ms | ActiveRecord: 0.9ms)


Started GET "/articles" for 127.0.0.1 at 2011-04-28 02:51:15
  Processing by ArticlesController#index as HTML
  [1m[35mArticle Load (0.3ms)[0m  SELECT "articles".* FROM "articles"
Rendered articles/_article.html.erb (104.3ms)
Rendered articles/index.html.erb within layouts/application (109.5ms)
Completed 200 OK in 125ms (Views: 112.7ms | ActiveRecord: 0.8ms)


Started GET "/login" for 127.0.0.1 at 2011-04-28 02:51:20
  Processing by SessionsController#new as HTML
Rendered sessions/new.html.erb within layouts/application (19.1ms)
Completed 200 OK in 23ms (Views: 22.7ms | ActiveRecord: 0.5ms)


Started POST "/session" for 127.0.0.1 at 2011-04-28 02:51:21
  Processing by SessionsController#create as HTML
  Parameters: {"commit"=>"Login", "authenticity_token"=>"21t2IyZs2Ymt2Gn+/ybBDE2CnQg9M0C7WQcYqGDnYv4=", "password"=>"[FILTERED]", "email"=>"camercado@msn.com"}
  [1m[36mUser Load (0.2ms)[0m  [1mSELECT "users".* FROM "users" WHERE ("users"."email" = 'camercado@msn.com') LIMIT 1[0m
Rendered sessions/new.html.erb within layouts/application (6.2ms)
Completed 200 OK in 26ms (Views: 10.1ms | ActiveRecord: 0.7ms)


Started GET "/users/new" for 127.0.0.1 at 2011-04-28 02:51:30
  Processing by UsersController#new as HTML
Rendered users/_form.html.erb (10.1ms)
Rendered users/new.html.erb within layouts/application (15.2ms)
Completed 200 OK in 32ms (Views: 18.6ms | ActiveRecord: 0.5ms)


Started POST "/users" for 127.0.0.1 at 2011-04-28 02:51:33
  Processing by UsersController#create as HTML
  Parameters: {"commit"=>"Create User", "authenticity_token"=>"21t2IyZs2Ymt2Gn+/ybBDE2CnQg9M0C7WQcYqGDnYv4=", "user"=>{"password_confirmation"=>"[FILTERED]", "password"=>"[FILTERED]", "email"=>"camercado@msn.com"}}
  [1m[35mUser Load (0.2ms)[0m  SELECT "users"."id" FROM "users" WHERE ("users"."email" = 'camercado@msn.com') LIMIT 1
  [1m[36mSQL (0.4ms)[0m  [1mINSERT INTO "users" ("created_at", "email", "hashed_password", "updated_at") VALUES ('2011-04-28 09:51:33.631481', 'camercado@msn.com', 'd89157ec4bab78fa88f4a92145d23fcf8d0a0669', '2011-04-28 09:51:33.631481')[0m
Redirected to http://localhost:3000/articles
Completed 302 Found in 24ms


Started GET "/articles" for 127.0.0.1 at 2011-04-28 02:51:33
  Processing by ArticlesController#index as HTML
  [1m[35mArticle Load (0.4ms)[0m  SELECT "articles".* FROM "articles"
Rendered articles/_article.html.erb (104.2ms)
Rendered articles/index.html.erb within layouts/application (109.6ms)
Completed 200 OK in 126ms (Views: 113.1ms | ActiveRecord: 0.8ms)


Started GET "/articles/2" for 127.0.0.1 at 2011-04-28 02:51:35
  Processing by ArticlesController#show as HTML
  Parameters: {"id"=>"2"}
  [1m[36mArticle Load (0.4ms)[0m  [1mSELECT "articles".* FROM "articles" WHERE ("articles"."id" = 2) LIMIT 1[0m
Rendered articles/_article.html.erb (19.3ms)
  [1m[35mComment Load (0.5ms)[0m  SELECT "comments".* FROM "comments" WHERE ("comments".article_id = 2)
Rendered collection (0.0ms)
Rendered comments/new.html.erb (11.5ms)
Rendered articles/show.html.erb within layouts/application (47.3ms)
Completed 200 OK in 141ms (Views: 50.4ms | ActiveRecord: 1.0ms)


Started GET "/login" for 127.0.0.1 at 2011-04-28 02:51:41
  Processing by SessionsController#new as HTML
Rendered sessions/new.html.erb within layouts/application (19.0ms)
Completed 200 OK in 22ms (Views: 22.1ms | ActiveRecord: 0.6ms)


Started POST "/session" for 127.0.0.1 at 2011-04-28 02:51:43
  Processing by SessionsController#create as HTML
  Parameters: {"commit"=>"Login", "authenticity_token"=>"21t2IyZs2Ymt2Gn+/ybBDE2CnQg9M0C7WQcYqGDnYv4=", "password"=>"[FILTERED]", "email"=>"camercado@msn.com"}
  [1m[35mUser Load (0.3ms)[0m  SELECT "users".* FROM "users" WHERE ("users"."email" = 'camercado@msn.com') LIMIT 1
Redirected to http://localhost:3000/
Completed 302 Found in 20ms


Started GET "/" for 127.0.0.1 at 2011-04-28 02:51:43
  Processing by ArticlesController#index as HTML
  [1m[36mArticle Load (0.4ms)[0m  [1mSELECT "articles".* FROM "articles"[0m
  [1m[35mUser Load (0.4ms)[0m  SELECT "users".* FROM "users" WHERE ("users"."id" = 2) LIMIT 1
  [1m[36mUser Load (0.3ms)[0m  [1mSELECT "users".* FROM "users" WHERE ("users"."id" = 1) LIMIT 1[0m
  [1m[35mCACHE (0.0ms)[0m  SELECT "users".* FROM "users" WHERE ("users"."id" = 1) LIMIT 1
  [1m[36mCACHE (0.0ms)[0m  [1mSELECT "users".* FROM "users" WHERE ("users"."id" = 1) LIMIT 1[0m
Rendered articles/_article.html.erb (111.7ms)
Rendered articles/index.html.erb within layouts/application (117.7ms)
Completed 200 OK in 134ms (Views: 120.7ms | ActiveRecord: 1.3ms)


Started GET "/articles/new" for 127.0.0.1 at 2011-04-28 02:51:46
  [1m[35mUser Load (0.2ms)[0m  SELECT "users".* FROM "users" WHERE ("users"."id" = 2) LIMIT 1
  Processing by ArticlesController#new as HTML
  [1m[36mCategory Load (0.4ms)[0m  [1mSELECT "categories".* FROM "categories" ORDER BY categories.name[0m
  [1m[35mCategory Load (0.3ms)[0m  SELECT "categories".id FROM "categories" INNER JOIN "articles_categories" ON "categories".id = "articles_categories".category_id WHERE ("articles_categories".article_id = NULL ) ORDER BY categories.name
  [1m[36mCACHE (0.0ms)[0m  [1mSELECT "categories".id FROM "categories" INNER JOIN "articles_categories" ON "categories".id = "articles_categories".category_id WHERE ("articles_categories".article_id = NULL ) ORDER BY categories.name[0m
  [1m[35mCACHE (0.0ms)[0m  SELECT "categories".id FROM "categories" INNER JOIN "articles_categories" ON "categories".id = "articles_categories".category_id WHERE ("articles_categories".article_id = NULL ) ORDER BY categories.name
  [1m[36mCACHE (0.0ms)[0m  [1mSELECT "categories".id FROM "categories" INNER JOIN "articles_categories" ON "categories".id = "articles_categories".category_id WHERE ("articles_categories".article_id = NULL ) ORDER BY categories.name[0m
  [1m[35mCACHE (0.0ms)[0m  SELECT "categories".id FROM "categories" INNER JOIN "articles_categories" ON "categories".id = "articles_categories".category_id WHERE ("articles_categories".article_id = NULL ) ORDER BY categories.name
Rendered articles/_form.html.erb (45.7ms)
Rendered articles/new.html.erb within layouts/application (55.0ms)
Completed 200 OK in 151ms (Views: 57.9ms | ActiveRecord: 1.4ms)


Started GET "/" for 127.0.0.1 at 2011-04-28 02:51:52
  Processing by ArticlesController#index as HTML
  [1m[36mArticle Load (0.3ms)[0m  [1mSELECT "articles".* FROM "articles"[0m
  [1m[35mUser Load (0.3ms)[0m  SELECT "users".* FROM "users" WHERE ("users"."id" = 2) LIMIT 1
  [1m[36mUser Load (0.3ms)[0m  [1mSELECT "users".* FROM "users" WHERE ("users"."id" = 1) LIMIT 1[0m
  [1m[35mCACHE (0.0ms)[0m  SELECT "users".* FROM "users" WHERE ("users"."id" = 1) LIMIT 1
  [1m[36mCACHE (0.0ms)[0m  [1mSELECT "users".* FROM "users" WHERE ("users"."id" = 1) LIMIT 1[0m
Rendered articles/_article.html.erb (37.2ms)
Rendered articles/index.html.erb within layouts/application (43.2ms)
Completed 200 OK in 58ms (Views: 46.0ms | ActiveRecord: 1.2ms)


Started GET "/articles/1" for 127.0.0.1 at 2011-04-28 02:51:54
  Processing by ArticlesController#show as HTML
  Parameters: {"id"=>"1"}
  [1m[36mArticle Load (0.3ms)[0m  [1mSELECT "articles".* FROM "articles" WHERE ("articles"."id" = 1) LIMIT 1[0m
  [1m[35mUser Load (0.4ms)[0m  SELECT "users".* FROM "users" WHERE ("users"."id" = 2) LIMIT 1
  [1m[36mUser Load (0.3ms)[0m  [1mSELECT "users".* FROM "users" WHERE ("users"."id" = 1) LIMIT 1[0m
Rendered articles/_article.html.erb (98.1ms)
  [1m[35mComment Load (0.4ms)[0m  SELECT "comments".* FROM "comments" WHERE ("comments".article_id = 1)
Rendered collection (0.0ms)
Rendered comments/new.html.erb (11.6ms)
Rendered articles/show.html.erb within layouts/application (126.7ms)
Completed 200 OK in 143ms (Views: 129.3ms | ActiveRecord: 1.4ms)


Started GET "/" for 127.0.0.1 at 2011-04-28 02:51:55
  Processing by ArticlesController#index as HTML
  [1m[35mArticle Load (0.4ms)[0m  SELECT "articles".* FROM "articles"
  [1m[36mUser Load (0.3ms)[0m  [1mSELECT "users".* FROM "users" WHERE ("users"."id" = 2) LIMIT 1[0m
  [1m[35mUser Load (0.3ms)[0m  SELECT "users".* FROM "users" WHERE ("users"."id" = 1) LIMIT 1
  [1m[36mCACHE (0.0ms)[0m  [1mSELECT "users".* FROM "users" WHERE ("users"."id" = 1) LIMIT 1[0m
  [1m[35mCACHE (0.0ms)[0m  SELECT "users".* FROM "users" WHERE ("users"."id" = 1) LIMIT 1
Rendered articles/_article.html.erb (36.0ms)
Rendered articles/index.html.erb within layouts/application (41.9ms)
Completed 200 OK in 140ms (Views: 44.6ms | ActiveRecord: 1.2ms)


Started GET "/" for 127.0.0.1 at 2011-04-28 02:54:02
  Processing by ArticlesController#index as HTML
  [1m[36mArticle Load (0.3ms)[0m  [1mSELECT "articles".* FROM "articles"[0m
  [1m[35mUser Load (0.4ms)[0m  SELECT "users".* FROM "users" WHERE ("users"."id" = 2) LIMIT 1
  [1m[36mUser Load (0.3ms)[0m  [1mSELECT "users".* FROM "users" WHERE ("users"."id" = 1) LIMIT 1[0m
  [1m[35mCACHE (0.0ms)[0m  SELECT "users".* FROM "users" WHERE ("users"."id" = 1) LIMIT 1
  [1m[36mCACHE (0.0ms)[0m  [1mSELECT "users".* FROM "users" WHERE ("users"."id" = 1) LIMIT 1[0m
Rendered articles/_article.html.erb (101.3ms)
Rendered articles/index.html.erb within layouts/application (112.9ms)
Completed 200 OK in 130ms (Views: 115.8ms | ActiveRecord: 1.4ms)
